<?xml version="1.0" encoding="UTF-8"?>
<testsuite name="solutions.year2025.Day9Test" tests="1" skipped="0" failures="0" errors="0" timestamp="2025-12-17T21:39:16" hostname="MacBookPro" time="0.048">
  <properties/>
  <testcase name="partTwoTest()" classname="solutions.year2025.Day9Test" time="0.048"/>
  <system-out><![CDATA[[(7.0, 1.0, NaN), (11.0, 1.0, NaN), (11.0, 7.0, NaN), (9.0, 7.0, NaN), (9.0, 5.0, NaN), (2.0, 5.0, NaN), (2.0, 3.0, NaN), (7.0, 3.0, NaN)]
[(7.0, 1.0, NaN), (11.0, 1.0, NaN), (11.0, 7.0, NaN), (7.0, 7.0, NaN)]
[(7.0, 1.0, NaN), (9.0, 1.0, NaN), (9.0, 7.0, NaN), (7.0, 7.0, NaN)]
[(7.0, 1.0, NaN), (9.0, 1.0, NaN), (9.0, 5.0, NaN), (7.0, 5.0, NaN)]
[(7.0, 1.0, NaN), (2.0, 1.0, NaN), (2.0, 5.0, NaN), (7.0, 5.0, NaN)]
[(7.0, 1.0, NaN), (2.0, 1.0, NaN), (2.0, 3.0, NaN), (7.0, 3.0, NaN)]
[(11.0, 1.0, NaN), (9.0, 1.0, NaN), (9.0, 7.0, NaN), (11.0, 7.0, NaN)]
[(11.0, 1.0, NaN), (9.0, 1.0, NaN), (9.0, 5.0, NaN), (11.0, 5.0, NaN)]
[(11.0, 1.0, NaN), (2.0, 1.0, NaN), (2.0, 5.0, NaN), (11.0, 5.0, NaN)]
[(11.0, 1.0, NaN), (2.0, 1.0, NaN), (2.0, 3.0, NaN), (11.0, 3.0, NaN)]
[(11.0, 1.0, NaN), (7.0, 1.0, NaN), (7.0, 3.0, NaN), (11.0, 3.0, NaN)]
[(11.0, 7.0, NaN), (7.0, 7.0, NaN), (7.0, 1.0, NaN), (11.0, 1.0, NaN)]
[(11.0, 7.0, NaN), (9.0, 7.0, NaN), (9.0, 5.0, NaN), (11.0, 5.0, NaN)]
[(11.0, 7.0, NaN), (2.0, 7.0, NaN), (2.0, 5.0, NaN), (11.0, 5.0, NaN)]
[(11.0, 7.0, NaN), (2.0, 7.0, NaN), (2.0, 3.0, NaN), (11.0, 3.0, NaN)]
[(11.0, 7.0, NaN), (7.0, 7.0, NaN), (7.0, 3.0, NaN), (11.0, 3.0, NaN)]
[(9.0, 7.0, NaN), (7.0, 7.0, NaN), (7.0, 1.0, NaN), (9.0, 1.0, NaN)]
[(9.0, 7.0, NaN), (11.0, 7.0, NaN), (11.0, 1.0, NaN), (9.0, 1.0, NaN)]
[(9.0, 7.0, NaN), (2.0, 7.0, NaN), (2.0, 5.0, NaN), (9.0, 5.0, NaN)]
[(9.0, 7.0, NaN), (2.0, 7.0, NaN), (2.0, 3.0, NaN), (9.0, 3.0, NaN)]
[(9.0, 7.0, NaN), (7.0, 7.0, NaN), (7.0, 3.0, NaN), (9.0, 3.0, NaN)]
[(9.0, 5.0, NaN), (7.0, 5.0, NaN), (7.0, 1.0, NaN), (9.0, 1.0, NaN)]
[(9.0, 5.0, NaN), (11.0, 5.0, NaN), (11.0, 1.0, NaN), (9.0, 1.0, NaN)]
[(9.0, 5.0, NaN), (11.0, 5.0, NaN), (11.0, 7.0, NaN), (9.0, 7.0, NaN)]
[(9.0, 5.0, NaN), (2.0, 5.0, NaN), (2.0, 3.0, NaN), (9.0, 3.0, NaN)]
[(9.0, 5.0, NaN), (7.0, 5.0, NaN), (7.0, 3.0, NaN), (9.0, 3.0, NaN)]
[(2.0, 5.0, NaN), (7.0, 5.0, NaN), (7.0, 1.0, NaN), (2.0, 1.0, NaN)]
[(2.0, 5.0, NaN), (11.0, 5.0, NaN), (11.0, 1.0, NaN), (2.0, 1.0, NaN)]
[(2.0, 5.0, NaN), (11.0, 5.0, NaN), (11.0, 7.0, NaN), (2.0, 7.0, NaN)]
[(2.0, 5.0, NaN), (9.0, 5.0, NaN), (9.0, 7.0, NaN), (2.0, 7.0, NaN)]
[(2.0, 5.0, NaN), (7.0, 5.0, NaN), (7.0, 3.0, NaN), (2.0, 3.0, NaN)]
[(2.0, 3.0, NaN), (7.0, 3.0, NaN), (7.0, 1.0, NaN), (2.0, 1.0, NaN)]
[(2.0, 3.0, NaN), (11.0, 3.0, NaN), (11.0, 1.0, NaN), (2.0, 1.0, NaN)]
[(2.0, 3.0, NaN), (11.0, 3.0, NaN), (11.0, 7.0, NaN), (2.0, 7.0, NaN)]
[(2.0, 3.0, NaN), (9.0, 3.0, NaN), (9.0, 7.0, NaN), (2.0, 7.0, NaN)]
[(2.0, 3.0, NaN), (9.0, 3.0, NaN), (9.0, 5.0, NaN), (2.0, 5.0, NaN)]
[(7.0, 3.0, NaN), (11.0, 3.0, NaN), (11.0, 1.0, NaN), (7.0, 1.0, NaN)]
[(7.0, 3.0, NaN), (11.0, 3.0, NaN), (11.0, 7.0, NaN), (7.0, 7.0, NaN)]
[(7.0, 3.0, NaN), (9.0, 3.0, NaN), (9.0, 7.0, NaN), (7.0, 7.0, NaN)]
[(7.0, 3.0, NaN), (9.0, 3.0, NaN), (9.0, 5.0, NaN), (7.0, 5.0, NaN)]
[(7.0, 3.0, NaN), (2.0, 3.0, NaN), (2.0, 5.0, NaN), (7.0, 5.0, NaN)]
40
16
]]></system-out>
  <system-err><![CDATA[]]></system-err>
</testsuite>
